  main.cpp
C:\Users\Mark\Google Drive\לימודים\2021א\תכנות מערכות דפנסיבי\mmn11\mmn11\User.h(11): error C2143: syntax error: missing ';' before '*'
C:\Users\Mark\Google Drive\לימודים\2021א\תכנות מערכות דפנסיבי\mmn11\mmn11\User.h(11): error C4430: missing type specifier - int assumed. Note: C++ does not support default-int
C:\Users\Mark\Google Drive\לימודים\2021א\תכנות מערכות דפנסיבי\mmn11\mmn11\User.h(11): error C2238: unexpected token(s) preceding ';'
C:\Users\Mark\Google Drive\לימודים\2021א\תכנות מערכות דפנסיבי\mmn11\mmn11\USocial.h(8): error C2059: syntax error: ')'
C:\Users\Mark\Google Drive\לימודים\2021א\תכנות מערכות דפנסיבי\mmn11\mmn11\USocial.h(8): error C2143: syntax error: missing ')' before ';'
C:\Users\Mark\Google Drive\לימודים\2021א\תכנות מערכות דפנסיבי\mmn11\mmn11\main.cpp(15): error C2660: 'USocial::registerUser': function does not take 2 arguments
  C:\Users\Mark\Google Drive\לימודים\2021א\תכנות מערכות דפנסיבי\mmn11\mmn11\USocial.h(8): note: see declaration of 'USocial::registerUser'
  Media.cpp
  Message.cpp
  Post.cpp
  User.cpp
  USocial.cpp
  Generating Code...
